0 info it worked if it ends with ok
1 verbose cli [ '/home/thecodethinker/.nvm/versions/node/v5.6.0/bin/node',
1 verbose cli   '/home/thecodethinker/.nvm/versions/node/v5.6.0/bin/npm',
1 verbose cli   'install',
1 verbose cli   '-g',
1 verbose cli   'simplhttpserver' ]
2 info using npm@3.6.0
3 info using node@v5.6.0
4 silly loadCurrentTree Starting
5 silly install loadCurrentTree
6 silly install readGlobalPackageData
7 silly fetchPackageMetaData simplhttpserver
8 silly fetchNamedPackageData simplhttpserver
9 silly mapToRegistry name simplhttpserver
10 silly mapToRegistry using default registry
11 silly mapToRegistry registry https://registry.npmjs.org/
12 silly mapToRegistry uri https://registry.npmjs.org/simplhttpserver
13 verbose request uri https://registry.npmjs.org/simplhttpserver
14 verbose request no auth needed
15 info attempt registry request try #1 at 2:55:02 PM
16 verbose request id 69b60d6c4f818712
17 http request GET https://registry.npmjs.org/simplhttpserver
18 http 404 https://registry.npmjs.org/simplhttpserver
19 verbose headers { 'content-type': 'application/json',
19 verbose headers   'cache-control': 'max-age=0',
19 verbose headers   'content-length': '2',
19 verbose headers   'accept-ranges': 'bytes',
19 verbose headers   date: 'Sat, 20 Feb 2016 19:55:03 GMT',
19 verbose headers   via: '1.1 varnish',
19 verbose headers   age: '0',
19 verbose headers   connection: 'keep-alive',
19 verbose headers   'x-served-by': 'cache-iad2144-IAD',
19 verbose headers   'x-cache': 'MISS',
19 verbose headers   'x-cache-hits': '0',
19 verbose headers   'x-timer': 'S1455998102.945070,VS0,VE103' }
20 silly get cb [ 404,
20 silly get   { 'content-type': 'application/json',
20 silly get     'cache-control': 'max-age=0',
20 silly get     'content-length': '2',
20 silly get     'accept-ranges': 'bytes',
20 silly get     date: 'Sat, 20 Feb 2016 19:55:03 GMT',
20 silly get     via: '1.1 varnish',
20 silly get     age: '0',
20 silly get     connection: 'keep-alive',
20 silly get     'x-served-by': 'cache-iad2144-IAD',
20 silly get     'x-cache': 'MISS',
20 silly get     'x-cache-hits': '0',
20 silly get     'x-timer': 'S1455998102.945070,VS0,VE103' } ]
21 silly fetchPackageMetaData Error: Registry returned 404 for GET on https://registry.npmjs.org/simplhttpserver
21 silly fetchPackageMetaData     at makeError (/home/thecodethinker/.nvm/versions/node/v5.6.0/lib/node_modules/npm/node_modules/npm-registry-client/lib/request.js:264:12)
21 silly fetchPackageMetaData     at CachingRegistryClient.<anonymous> (/home/thecodethinker/.nvm/versions/node/v5.6.0/lib/node_modules/npm/node_modules/npm-registry-client/lib/request.js:242:14)
21 silly fetchPackageMetaData     at Request._callback (/home/thecodethinker/.nvm/versions/node/v5.6.0/lib/node_modules/npm/node_modules/npm-registry-client/lib/request.js:172:14)
21 silly fetchPackageMetaData     at Request.self.callback (/home/thecodethinker/.nvm/versions/node/v5.6.0/lib/node_modules/npm/node_modules/request/request.js:198:22)
21 silly fetchPackageMetaData     at emitTwo (events.js:100:13)
21 silly fetchPackageMetaData     at Request.emit (events.js:185:7)
21 silly fetchPackageMetaData     at Request.<anonymous> (/home/thecodethinker/.nvm/versions/node/v5.6.0/lib/node_modules/npm/node_modules/request/request.js:1035:10)
21 silly fetchPackageMetaData     at emitOne (events.js:95:20)
21 silly fetchPackageMetaData     at Request.emit (events.js:182:7)
21 silly fetchPackageMetaData     at IncomingMessage.<anonymous> (/home/thecodethinker/.nvm/versions/node/v5.6.0/lib/node_modules/npm/node_modules/request/request.js:962:12)
21 silly fetchPackageMetaData  error for simplhttpserver { [Error: Registry returned 404 for GET on https://registry.npmjs.org/simplhttpserver] pkgid: 'simplhttpserver', statusCode: 404, code: 'E404' }
22 silly rollbackFailedOptional Starting
23 silly rollbackFailedOptional Finishing
24 silly runTopLevelLifecycles Starting
25 silly runTopLevelLifecycles Finishing
26 silly install printInstalled
27 verbose stack Error: Registry returned 404 for GET on https://registry.npmjs.org/simplhttpserver
27 verbose stack     at makeError (/home/thecodethinker/.nvm/versions/node/v5.6.0/lib/node_modules/npm/node_modules/npm-registry-client/lib/request.js:264:12)
27 verbose stack     at CachingRegistryClient.<anonymous> (/home/thecodethinker/.nvm/versions/node/v5.6.0/lib/node_modules/npm/node_modules/npm-registry-client/lib/request.js:242:14)
27 verbose stack     at Request._callback (/home/thecodethinker/.nvm/versions/node/v5.6.0/lib/node_modules/npm/node_modules/npm-registry-client/lib/request.js:172:14)
27 verbose stack     at Request.self.callback (/home/thecodethinker/.nvm/versions/node/v5.6.0/lib/node_modules/npm/node_modules/request/request.js:198:22)
27 verbose stack     at emitTwo (events.js:100:13)
27 verbose stack     at Request.emit (events.js:185:7)
27 verbose stack     at Request.<anonymous> (/home/thecodethinker/.nvm/versions/node/v5.6.0/lib/node_modules/npm/node_modules/request/request.js:1035:10)
27 verbose stack     at emitOne (events.js:95:20)
27 verbose stack     at Request.emit (events.js:182:7)
27 verbose stack     at IncomingMessage.<anonymous> (/home/thecodethinker/.nvm/versions/node/v5.6.0/lib/node_modules/npm/node_modules/request/request.js:962:12)
28 verbose statusCode 404
29 verbose pkgid simplhttpserver
30 verbose cwd /data/dev/projects/UFHacks/SightReader
31 error Linux 4.3.5-300.fc23.x86_64
32 error argv "/home/thecodethinker/.nvm/versions/node/v5.6.0/bin/node" "/home/thecodethinker/.nvm/versions/node/v5.6.0/bin/npm" "install" "-g" "simplhttpserver"
33 error node v5.6.0
34 error npm  v3.6.0
35 error code E404
36 error 404 Registry returned 404 for GET on https://registry.npmjs.org/simplhttpserver
37 error 404
38 error 404 'simplhttpserver' is not in the npm registry.
39 error 404 You should bug the author to publish it (or use the name yourself!)
40 error 404 Note that you can also install from a
41 error 404 tarball, folder, http url, or git url.
42 verbose exit [ 1, true ]
